2025-07-17 22:54:05-INFO -XMLtoJSON :----------------XML TO JSON CONVERSION STARTED----------------
2025-07-17 22:54:05-INFO -XMLtoJSON :Process started at 2025-07-17 22:54:05
2025-07-17 22:54:05-INFO -XMLtoJSON :Input parameters validated
2025-07-17 22:54:05-DEBUG-XMLtoJSON :XML input length: 1592 characters
2025-07-17 22:54:05-INFO -XMLtoJSON :Starting XML to JSON conversion
2025-07-17 22:54:05-INFO -XMLtoJSON :Conversion successful
2025-07-17 22:54:05-DEBUG-XMLtoJSON :JSON output length: 1455 characters
2025-07-17 22:54:05-INFO -XMLtoJSON :Initializing HTTP POST request to null
2025-07-17 22:54:05-DEBUG-XMLtoJSON :Request payload size: 1455 bytes
2025-07-17 22:54:06-ERROR-XMLtoJSON :Initialization failed: Cannot invoke "String.length()" because "this.input" is null
java.lang.NullPointerException: Cannot invoke "String.length()" because "this.input" is null
	at java.base/java.net.URI$Parser.parse(URI.java:3186)
	at java.base/java.net.URI.<init>(URI.java:645)
	at java.base/java.net.URI.create(URI.java:930)
	at main.XMLtoJSON.postJsonToEndpoint(XMLtoJSON.java:106)
	at main.XMLtoJSON.convertXmlToJson(XMLtoJSON.java:85)
	at main.XMLtoJSON.main(XMLtoJSON.java:70)
2025-07-17 22:55:16-INFO -XMLtoJSON :----------------XML TO JSON CONVERSION STARTED----------------
2025-07-17 22:55:16-INFO -XMLtoJSON :Process started at 2025-07-17 22:55:16
2025-07-17 22:55:16-INFO -XMLtoJSON :Input parameters validated
2025-07-17 22:55:16-DEBUG-XMLtoJSON :XML input length: 1592 characters
2025-07-17 22:55:16-INFO -XMLtoJSON :Starting XML to JSON conversion
2025-07-17 22:55:16-ERROR-XMLtoJSON :Initialization failed: Uncompilable code - incompatible types: java.lang.String cannot be converted to common.PropertiesLoader
java.lang.RuntimeException: Uncompilable code - incompatible types: java.lang.String cannot be converted to common.PropertiesLoader
	at main.XMLtoJSON.convertXmlToJson(XMLtoJSON.java:1)
	at main.XMLtoJSON.main(XMLtoJSON.java:70)
2025-07-17 22:56:39-INFO -XMLtoJSON :----------------XML TO JSON CONVERSION STARTED----------------
2025-07-17 22:56:39-INFO -XMLtoJSON :Process started at 2025-07-17 22:56:39
2025-07-17 22:56:39-INFO -XMLtoJSON :Input parameters validated
2025-07-17 22:56:39-DEBUG-XMLtoJSON :XML input length: 1592 characters
2025-07-17 22:56:39-INFO -XMLtoJSON :Starting XML to JSON conversion
2025-07-17 22:56:39-INFO -XMLtoJSON :Conversion successful
2025-07-17 22:56:39-DEBUG-XMLtoJSON :JSON output length: 1455 characters
2025-07-17 22:56:39-INFO -XMLtoJSON :Initializing HTTP POST request to null
2025-07-17 22:56:39-DEBUG-XMLtoJSON :Request payload size: 1455 bytes
2025-07-17 22:56:40-ERROR-XMLtoJSON :Initialization failed: Cannot invoke "String.length()" because "this.input" is null
java.lang.NullPointerException: Cannot invoke "String.length()" because "this.input" is null
	at java.base/java.net.URI$Parser.parse(URI.java:3186)
	at java.base/java.net.URI.<init>(URI.java:645)
	at java.base/java.net.URI.create(URI.java:930)
	at main.XMLtoJSON.postJsonToEndpoint(XMLtoJSON.java:106)
	at main.XMLtoJSON.convertXmlToJson(XMLtoJSON.java:85)
	at main.XMLtoJSON.main(XMLtoJSON.java:70)
2025-07-17 22:57:24-INFO -XMLtoJSON :----------------XML TO JSON CONVERSION STARTED----------------
2025-07-17 22:57:24-INFO -XMLtoJSON :Process started at 2025-07-17 22:57:24
2025-07-17 22:57:24-INFO -XMLtoJSON :Input parameters validated
2025-07-17 22:57:24-DEBUG-XMLtoJSON :XML input length: 1592 characters
2025-07-17 22:57:24-INFO -XMLtoJSON :Starting XML to JSON conversion
2025-07-17 22:57:24-INFO -XMLtoJSON :Conversion successful
2025-07-17 22:57:24-DEBUG-XMLtoJSON :JSON output length: 1455 characters
2025-07-17 22:57:24-ERROR-XMLtoJSON :Initialization failed: Cannot invoke "String.length()" because "this.input" is null
java.lang.NullPointerException: Cannot invoke "String.length()" because "this.input" is null
	at java.base/java.net.URI$Parser.parse(URI.java:3186)
	at java.base/java.net.URI.<init>(URI.java:645)
	at java.base/java.net.URI.create(URI.java:930)
	at main.XMLtoJSON.postJsonToEndpoint(XMLtoJSON.java:106)
	at main.XMLtoJSON.convertXmlToJson(XMLtoJSON.java:85)
	at main.XMLtoJSON.main(XMLtoJSON.java:70)
2025-07-17 23:00:16-INFO -XMLtoJSON :----------------XML TO JSON CONVERSION STARTED----------------
2025-07-17 23:00:16-INFO -XMLtoJSON :Process started at 2025-07-17 23:00:16
2025-07-17 23:00:16-INFO -XMLtoJSON :Input parameters validated
2025-07-17 23:00:16-DEBUG-XMLtoJSON :XML input length: 1592 characters
2025-07-17 23:00:16-INFO -XMLtoJSON :Starting XML to JSON conversion
2025-07-17 23:00:16-INFO -XMLtoJSON :Conversion successful
2025-07-17 23:00:16-DEBUG-XMLtoJSON :JSON output length: 1455 characters
2025-07-17 23:00:16-ERROR-XMLtoJSON :Initialization failed: Cannot invoke "String.length()" because "this.input" is null
java.lang.NullPointerException: Cannot invoke "String.length()" because "this.input" is null
	at java.base/java.net.URI$Parser.parse(URI.java:3186)
	at java.base/java.net.URI.<init>(URI.java:645)
	at java.base/java.net.URI.create(URI.java:930)
	at main.XMLtoJSON.postJsonToEndpoint(XMLtoJSON.java:106)
	at main.XMLtoJSON.convertXmlToJson(XMLtoJSON.java:85)
	at main.XMLtoJSON.main(XMLtoJSON.java:70)
2025-07-17 23:16:26-INFO -XMLtoJSON :----------------XML TO JSON CONVERSION STARTED----------------
2025-07-17 23:16:26-INFO -XMLtoJSON :Process started at 2025-07-17 23:16:26
2025-07-17 23:16:26-INFO -XMLtoJSON :Input parameters validated
2025-07-17 23:16:26-DEBUG-XMLtoJSON :XML input length: 1592 characters
2025-07-17 23:16:26-INFO -XMLtoJSON :Starting XML to JSON conversion
2025-07-17 23:16:26-ERROR-XMLtoJSON :Endpoint URL is not configured in properties file
2025-07-17 23:16:26-INFO -XMLtoJSON :Execution time: 4 ms
2025-07-17 23:16:26-INFO -XMLtoJSON :Memory used: 8 MB
2025-07-17 23:16:26-INFO -XMLtoJSON :----------------PROCESS COMPLETED----------------
2025-07-17 23:17:30-INFO -XMLtoJSON :----------------XML TO JSON CONVERSION STARTED----------------
2025-07-17 23:17:30-INFO -XMLtoJSON :Process started at 2025-07-17 23:17:30
2025-07-17 23:17:30-INFO -XMLtoJSON :Input parameters validated
2025-07-17 23:17:30-DEBUG-XMLtoJSON :XML input length: 1592 characters
2025-07-17 23:17:30-INFO -XMLtoJSON :Starting XML to JSON conversion
2025-07-17 23:17:30-ERROR-XMLtoJSON :Endpoint URL is not configured in properties file
2025-07-17 23:17:30-INFO -XMLtoJSON :Execution time: 4 ms
2025-07-17 23:17:30-INFO -XMLtoJSON :Memory used: 9 MB
2025-07-17 23:17:30-INFO -XMLtoJSON :----------------PROCESS COMPLETED----------------
2025-07-17 23:18:41-INFO -XMLtoJSON :----------------XML TO JSON CONVERSION STARTED----------------
2025-07-17 23:18:41-INFO -XMLtoJSON :Process started at 2025-07-17 23:18:41
2025-07-17 23:18:41-INFO -XMLtoJSON :Input parameters validated
2025-07-17 23:18:41-DEBUG-XMLtoJSON :XML input length: 1592 characters
2025-07-17 23:18:41-INFO -XMLtoJSON :Starting XML to JSON conversion
2025-07-17 23:18:41-ERROR-XMLtoJSON :Endpoint URL is not configured in properties file
2025-07-17 23:18:41-INFO -XMLtoJSON :Execution time: 3 ms
2025-07-17 23:18:41-INFO -XMLtoJSON :Memory used: 9 MB
2025-07-17 23:18:41-INFO -XMLtoJSON :----------------PROCESS COMPLETED----------------
